2019-03-04 23:13:31.758 ERROR kais-MacBook-Pro.local --- [           main] o.s.b.c.l.LoggingApplicationListener     : Cannot set level 'WARNING' for 'null'
2019-03-04 23:13:31.825  INFO kais-MacBook-Pro.local --- [           main] c.d.s.SpringBootApisApplication          : Starting SpringBootApisApplication on kais-MacBook-Pro.local with PID 30074 (/Users/kaihe/Angular4/spring-boot-APIs/spring-boot-apis/target/classes started by kaihe in /Users/kaihe/Angular4/spring-boot-APIs/spring-boot-apis)
2019-03-04 23:13:31.826  INFO kais-MacBook-Pro.local --- [           main] c.d.s.SpringBootApisApplication          : No active profile set, falling back to default profiles: default
2019-03-04 23:13:32.834  INFO kais-MacBook-Pro.local --- [           main] .s.d.r.c.RepositoryConfigurationDelegate : Bootstrapping Spring Data repositories in DEFAULT mode.
2019-03-04 23:13:32.936  INFO kais-MacBook-Pro.local --- [           main] .s.d.r.c.RepositoryConfigurationDelegate : Finished Spring Data repository scanning in 96ms. Found 4 repository interfaces.
2019-03-04 23:13:33.607  INFO kais-MacBook-Pro.local --- [           main] trationDelegate$BeanPostProcessorChecker : Bean 'org.springframework.transaction.annotation.ProxyTransactionManagementConfiguration' of type [org.springframework.transaction.annotation.ProxyTransactionManagementConfiguration$$EnhancerBySpringCGLIB$$d69b7b02] is not eligible for getting processed by all BeanPostProcessors (for example: not eligible for auto-proxying)
2019-03-04 23:13:33.745  INFO kais-MacBook-Pro.local --- [           main] trationDelegate$BeanPostProcessorChecker : Bean 'org.springframework.security.config.annotation.configuration.ObjectPostProcessorConfiguration' of type [org.springframework.security.config.annotation.configuration.ObjectPostProcessorConfiguration$$EnhancerBySpringCGLIB$$6f49433c] is not eligible for getting processed by all BeanPostProcessors (for example: not eligible for auto-proxying)
2019-03-04 23:13:33.752  INFO kais-MacBook-Pro.local --- [           main] trationDelegate$BeanPostProcessorChecker : Bean 'objectPostProcessor' of type [org.springframework.security.config.annotation.configuration.AutowireBeanFactoryObjectPostProcessor] is not eligible for getting processed by all BeanPostProcessors (for example: not eligible for auto-proxying)
2019-03-04 23:13:33.755  INFO kais-MacBook-Pro.local --- [           main] trationDelegate$BeanPostProcessorChecker : Bean 'org.springframework.security.access.expression.method.DefaultMethodSecurityExpressionHandler@56ac5c80' of type [org.springframework.security.access.expression.method.DefaultMethodSecurityExpressionHandler] is not eligible for getting processed by all BeanPostProcessors (for example: not eligible for auto-proxying)
2019-03-04 23:13:33.760  INFO kais-MacBook-Pro.local --- [           main] trationDelegate$BeanPostProcessorChecker : Bean 'org.springframework.security.config.annotation.method.configuration.GlobalMethodSecurityConfiguration' of type [org.springframework.security.config.annotation.method.configuration.GlobalMethodSecurityConfiguration$$EnhancerBySpringCGLIB$$941de5ee] is not eligible for getting processed by all BeanPostProcessors (for example: not eligible for auto-proxying)
2019-03-04 23:13:33.770  INFO kais-MacBook-Pro.local --- [           main] trationDelegate$BeanPostProcessorChecker : Bean 'org.springframework.security.config.annotation.method.configuration.Jsr250MetadataSourceConfiguration' of type [org.springframework.security.config.annotation.method.configuration.Jsr250MetadataSourceConfiguration$$EnhancerBySpringCGLIB$$b972fe04] is not eligible for getting processed by all BeanPostProcessors (for example: not eligible for auto-proxying)
2019-03-04 23:13:33.773  INFO kais-MacBook-Pro.local --- [           main] trationDelegate$BeanPostProcessorChecker : Bean 'jsr250MethodSecurityMetadataSource' of type [org.springframework.security.access.annotation.Jsr250MethodSecurityMetadataSource] is not eligible for getting processed by all BeanPostProcessors (for example: not eligible for auto-proxying)
2019-03-04 23:13:33.775  INFO kais-MacBook-Pro.local --- [           main] trationDelegate$BeanPostProcessorChecker : Bean 'methodSecurityMetadataSource' of type [org.springframework.security.access.method.DelegatingMethodSecurityMetadataSource] is not eligible for getting processed by all BeanPostProcessors (for example: not eligible for auto-proxying)
2019-03-04 23:13:34.189  INFO kais-MacBook-Pro.local --- [           main] o.s.b.w.e.t.TomcatWebServer              : Tomcat initialized with port(s): 8080 (http)
2019-03-04 23:13:34.202  INFO kais-MacBook-Pro.local --- [           main] o.a.c.h.Http11NioProtocol                : Initializing ProtocolHandler ["http-nio-8080"]
2019-03-04 23:13:34.214  INFO kais-MacBook-Pro.local --- [           main] o.a.c.c.StandardService                  : Starting service [Tomcat]
2019-03-04 23:13:34.215  INFO kais-MacBook-Pro.local --- [           main] o.a.c.c.StandardEngine                   : Starting Servlet Engine: Apache Tomcat/9.0.13
2019-03-04 23:13:34.406  INFO kais-MacBook-Pro.local --- [           main] o.a.c.c.AprLifecycleListener             : The APR based Apache Tomcat Native library which allows optimal performance in production environments was not found on the java.library.path: [/Users/kaihe/Library/Java/Extensions:/Library/Java/Extensions:/Network/Library/Java/Extensions:/System/Library/Java/Extensions:/usr/lib/java:.]
2019-03-04 23:13:34.622  INFO kais-MacBook-Pro.local --- [           main] o.a.c.c.C.[.[.[/]                        : Initializing Spring embedded WebApplicationContext
2019-03-04 23:13:34.623  INFO kais-MacBook-Pro.local --- [           main] o.s.w.c.ContextLoader                    : Root WebApplicationContext: initialization completed in 2741 ms
2019-03-04 23:13:35.215  INFO kais-MacBook-Pro.local --- [           main] c.z.h.HikariDataSource                   : HikariPool-1 - Starting...
2019-03-04 23:13:35.417  INFO kais-MacBook-Pro.local --- [           main] c.z.h.HikariDataSource                   : HikariPool-1 - Start completed.
2019-03-04 23:13:35.491  INFO kais-MacBook-Pro.local --- [           main] o.h.j.i.u.LogHelper                      : HHH000204: Processing PersistenceUnitInfo [
	name: default
	...]
2019-03-04 23:13:35.563  INFO kais-MacBook-Pro.local --- [           main] o.h.Version                              : HHH000412: Hibernate Core {5.3.7.Final}
2019-03-04 23:13:35.565  INFO kais-MacBook-Pro.local --- [           main] o.h.c.Environment                        : HHH000206: hibernate.properties not found
2019-03-04 23:13:35.698  INFO kais-MacBook-Pro.local --- [           main] o.h.a.c.Version                          : HCANN000001: Hibernate Commons Annotations {5.0.4.Final}
2019-03-04 23:13:35.851  INFO kais-MacBook-Pro.local --- [           main] o.h.d.Dialect                            : HHH000400: Using dialect: org.hibernate.dialect.MySQL5InnoDBDialect
2019-03-04 23:13:37.096  INFO kais-MacBook-Pro.local --- [           main] j.LocalContainerEntityManagerFactoryBean : Initialized JPA EntityManagerFactory for persistence unit 'default'
2019-03-04 23:13:37.981  WARN kais-MacBook-Pro.local --- [           main] aWebConfiguration$JpaWebMvcConfiguration : spring.jpa.open-in-view is enabled by default. Therefore, database queries may be performed during view rendering. Explicitly configure spring.jpa.open-in-view to disable this warning
2019-03-04 23:13:38.375  INFO kais-MacBook-Pro.local --- [           main] o.s.s.w.DefaultSecurityFilterChain       : Creating filter chain: any request, [org.springframework.security.web.context.request.async.WebAsyncManagerIntegrationFilter@7c9ea1d0, org.springframework.security.web.context.SecurityContextPersistenceFilter@64ed18ec, org.springframework.security.web.header.HeaderWriterFilter@6282f1eb, org.springframework.web.filter.CorsFilter@72f3acc9, org.springframework.security.web.authentication.logout.LogoutFilter@79d14037, org.springframework.security.oauth2.client.web.OAuth2AuthorizationRequestRedirectFilter@5d404a3c, org.springframework.security.oauth2.client.web.OAuth2LoginAuthenticationFilter@4a58e0e9, com.demo.springbootapis.security.JwtAuthenticationFilter@319b1c77, com.demo.springbootapis.security.JwtAuthorizationFilter@584136c1, org.springframework.security.web.savedrequest.RequestCacheAwareFilter@590dea35, org.springframework.security.web.servletapi.SecurityContextHolderAwareRequestFilter@1cdd31a4, org.springframework.security.web.authentication.AnonymousAuthenticationFilter@51d88c38, org.springframework.security.web.session.SessionManagementFilter@70169464, org.springframework.security.web.access.ExceptionTranslationFilter@11d1735e, org.springframework.security.web.access.intercept.FilterSecurityInterceptor@7976e536]
2019-03-04 23:13:38.587  INFO kais-MacBook-Pro.local --- [           main] o.s.s.c.ThreadPoolTaskExecutor           : Initializing ExecutorService 'applicationTaskExecutor'
2019-03-04 23:13:38.849  INFO kais-MacBook-Pro.local --- [           main] o.a.c.h.Http11NioProtocol                : Starting ProtocolHandler ["http-nio-8080"]
2019-03-04 23:13:38.870  INFO kais-MacBook-Pro.local --- [           main] o.a.t.u.n.NioSelectorPool                : Using a shared selector for servlet write/read
2019-03-04 23:13:38.882  INFO kais-MacBook-Pro.local --- [           main] o.s.b.w.e.t.TomcatWebServer              : Tomcat started on port(s): 8080 (http) with context path ''
2019-03-04 23:13:38.885  INFO kais-MacBook-Pro.local --- [           main] c.d.s.SpringBootApisApplication          : Started SpringBootApisApplication in 9.655 seconds (JVM running for 12.687)
2019-03-04 23:14:27.185  INFO kais-MacBook-Pro.local --- [nio-8080-exec-1] o.a.c.c.C.[.[.[/]                        : Initializing Spring DispatcherServlet 'dispatcherServlet'
2019-03-04 23:14:27.186  INFO kais-MacBook-Pro.local --- [nio-8080-exec-1] o.s.w.s.DispatcherServlet                : Initializing Servlet 'dispatcherServlet'
2019-03-04 23:14:27.197  INFO kais-MacBook-Pro.local --- [nio-8080-exec-1] o.s.w.s.DispatcherServlet                : Completed initialization in 11 ms
2019-03-04 23:14:27.574  INFO kais-MacBook-Pro.local --- [nio-8080-exec-1] o.h.h.i.QueryTranslatorFactoryInitiator  : HHH000397: Using ASTQueryTranslatorFactory
2019-03-04 23:14:27.666  INFO kais-MacBook-Pro.local --- [nio-8080-exec-1] c.d.s.a.LogExecutionTimeAspect           : List com.demo.springbootapis.service.ProjectServiceImpl.getAllProjects() executed in 111ms
2019-03-04 23:14:27.666  INFO kais-MacBook-Pro.local --- [nio-8080-exec-1] c.d.s.a.LogExecutionTimeAspect           : List com.demo.springbootapis.controller.ProjectController.getAllProjects(UserPrincipal) executed in 115ms
2019-03-04 23:14:50.074  INFO kais-MacBook-Pro.local --- [on(2)-127.0.0.1] inMXBeanRegistrar$SpringApplicationAdmin : Application shutdown requested.
2019-03-04 23:14:50.078  INFO kais-MacBook-Pro.local --- [on(2)-127.0.0.1] o.s.s.c.ThreadPoolTaskExecutor           : Shutting down ExecutorService 'applicationTaskExecutor'
2019-03-04 23:14:50.082  INFO kais-MacBook-Pro.local --- [on(2)-127.0.0.1] j.LocalContainerEntityManagerFactoryBean : Closing JPA EntityManagerFactory for persistence unit 'default'
2019-03-04 23:14:50.085  INFO kais-MacBook-Pro.local --- [on(2)-127.0.0.1] c.z.h.HikariDataSource                   : HikariPool-1 - Shutdown initiated...
2019-03-04 23:14:50.093  INFO kais-MacBook-Pro.local --- [on(2)-127.0.0.1] c.z.h.HikariDataSource                   : HikariPool-1 - Shutdown completed.
2019-03-04 23:15:27.004 ERROR kais-MacBook-Pro.local --- [           main] o.s.b.c.l.LoggingApplicationListener     : Cannot set level 'WARNING' for 'null'
2019-03-04 23:15:27.300  INFO kais-MacBook-Pro.local --- [           main] c.d.s.SpringBootApisApplication          : Starting SpringBootApisApplication on kais-MacBook-Pro.local with PID 30102 (/Users/kaihe/Angular4/spring-boot-APIs/spring-boot-apis/target/classes started by kaihe in /Users/kaihe/Angular4/spring-boot-APIs/spring-boot-apis)
2019-03-04 23:15:27.302  INFO kais-MacBook-Pro.local --- [           main] c.d.s.SpringBootApisApplication          : No active profile set, falling back to default profiles: default
2019-03-04 23:15:28.567  INFO kais-MacBook-Pro.local --- [           main] .s.d.r.c.RepositoryConfigurationDelegate : Bootstrapping Spring Data repositories in DEFAULT mode.
2019-03-04 23:15:28.689  INFO kais-MacBook-Pro.local --- [           main] .s.d.r.c.RepositoryConfigurationDelegate : Finished Spring Data repository scanning in 115ms. Found 4 repository interfaces.
2019-03-04 23:15:29.272  INFO kais-MacBook-Pro.local --- [           main] trationDelegate$BeanPostProcessorChecker : Bean 'org.springframework.transaction.annotation.ProxyTransactionManagementConfiguration' of type [org.springframework.transaction.annotation.ProxyTransactionManagementConfiguration$$EnhancerBySpringCGLIB$$73a7a6ed] is not eligible for getting processed by all BeanPostProcessors (for example: not eligible for auto-proxying)
2019-03-04 23:15:29.439  INFO kais-MacBook-Pro.local --- [           main] trationDelegate$BeanPostProcessorChecker : Bean 'org.springframework.security.config.annotation.configuration.ObjectPostProcessorConfiguration' of type [org.springframework.security.config.annotation.configuration.ObjectPostProcessorConfiguration$$EnhancerBySpringCGLIB$$c556f27] is not eligible for getting processed by all BeanPostProcessors (for example: not eligible for auto-proxying)
2019-03-04 23:15:29.447  INFO kais-MacBook-Pro.local --- [           main] trationDelegate$BeanPostProcessorChecker : Bean 'objectPostProcessor' of type [org.springframework.security.config.annotation.configuration.AutowireBeanFactoryObjectPostProcessor] is not eligible for getting processed by all BeanPostProcessors (for example: not eligible for auto-proxying)
2019-03-04 23:15:29.452  INFO kais-MacBook-Pro.local --- [           main] trationDelegate$BeanPostProcessorChecker : Bean 'org.springframework.security.access.expression.method.DefaultMethodSecurityExpressionHandler@692fd26' of type [org.springframework.security.access.expression.method.DefaultMethodSecurityExpressionHandler] is not eligible for getting processed by all BeanPostProcessors (for example: not eligible for auto-proxying)
2019-03-04 23:15:29.457  INFO kais-MacBook-Pro.local --- [           main] trationDelegate$BeanPostProcessorChecker : Bean 'org.springframework.security.config.annotation.method.configuration.GlobalMethodSecurityConfiguration' of type [org.springframework.security.config.annotation.method.configuration.GlobalMethodSecurityConfiguration$$EnhancerBySpringCGLIB$$312a11d9] is not eligible for getting processed by all BeanPostProcessors (for example: not eligible for auto-proxying)
2019-03-04 23:15:29.524  INFO kais-MacBook-Pro.local --- [           main] trationDelegate$BeanPostProcessorChecker : Bean 'org.springframework.security.config.annotation.method.configuration.Jsr250MetadataSourceConfiguration' of type [org.springframework.security.config.annotation.method.configuration.Jsr250MetadataSourceConfiguration$$EnhancerBySpringCGLIB$$567f29ef] is not eligible for getting processed by all BeanPostProcessors (for example: not eligible for auto-proxying)
2019-03-04 23:15:29.530  INFO kais-MacBook-Pro.local --- [           main] trationDelegate$BeanPostProcessorChecker : Bean 'jsr250MethodSecurityMetadataSource' of type [org.springframework.security.access.annotation.Jsr250MethodSecurityMetadataSource] is not eligible for getting processed by all BeanPostProcessors (for example: not eligible for auto-proxying)
2019-03-04 23:15:29.532  INFO kais-MacBook-Pro.local --- [           main] trationDelegate$BeanPostProcessorChecker : Bean 'methodSecurityMetadataSource' of type [org.springframework.security.access.method.DelegatingMethodSecurityMetadataSource] is not eligible for getting processed by all BeanPostProcessors (for example: not eligible for auto-proxying)
2019-03-04 23:15:30.184  INFO kais-MacBook-Pro.local --- [           main] o.s.b.w.e.t.TomcatWebServer              : Tomcat initialized with port(s): 8080 (http)
2019-03-04 23:15:30.198  INFO kais-MacBook-Pro.local --- [           main] o.a.c.h.Http11NioProtocol                : Initializing ProtocolHandler ["http-nio-8080"]
2019-03-04 23:15:30.211  INFO kais-MacBook-Pro.local --- [           main] o.a.c.c.StandardService                  : Starting service [Tomcat]
2019-03-04 23:15:30.212  INFO kais-MacBook-Pro.local --- [           main] o.a.c.c.StandardEngine                   : Starting Servlet Engine: Apache Tomcat/9.0.13
2019-03-04 23:15:30.405  INFO kais-MacBook-Pro.local --- [           main] o.a.c.c.AprLifecycleListener             : The APR based Apache Tomcat Native library which allows optimal performance in production environments was not found on the java.library.path: [/Users/kaihe/Library/Java/Extensions:/Library/Java/Extensions:/Network/Library/Java/Extensions:/System/Library/Java/Extensions:/usr/lib/java:.]
2019-03-04 23:15:30.516  INFO kais-MacBook-Pro.local --- [           main] o.a.c.c.C.[.[.[/]                        : Initializing Spring embedded WebApplicationContext
2019-03-04 23:15:30.516  INFO kais-MacBook-Pro.local --- [           main] o.s.w.c.ContextLoader                    : Root WebApplicationContext: initialization completed in 3148 ms
2019-03-04 23:15:31.117  INFO kais-MacBook-Pro.local --- [           main] c.z.h.HikariDataSource                   : HikariPool-1 - Starting...
2019-03-04 23:15:31.319  INFO kais-MacBook-Pro.local --- [           main] c.z.h.HikariDataSource                   : HikariPool-1 - Start completed.
2019-03-04 23:15:31.392  INFO kais-MacBook-Pro.local --- [           main] o.h.j.i.u.LogHelper                      : HHH000204: Processing PersistenceUnitInfo [
	name: default
	...]
2019-03-04 23:15:31.478  INFO kais-MacBook-Pro.local --- [           main] o.h.Version                              : HHH000412: Hibernate Core {5.3.7.Final}
2019-03-04 23:15:31.480  INFO kais-MacBook-Pro.local --- [           main] o.h.c.Environment                        : HHH000206: hibernate.properties not found
2019-03-04 23:15:31.664  INFO kais-MacBook-Pro.local --- [           main] o.h.a.c.Version                          : HCANN000001: Hibernate Commons Annotations {5.0.4.Final}
2019-03-04 23:15:31.852  INFO kais-MacBook-Pro.local --- [           main] o.h.d.Dialect                            : HHH000400: Using dialect: org.hibernate.dialect.MySQL5InnoDBDialect
2019-03-04 23:15:33.258  INFO kais-MacBook-Pro.local --- [           main] j.LocalContainerEntityManagerFactoryBean : Initialized JPA EntityManagerFactory for persistence unit 'default'
2019-03-04 23:15:34.585  WARN kais-MacBook-Pro.local --- [           main] aWebConfiguration$JpaWebMvcConfiguration : spring.jpa.open-in-view is enabled by default. Therefore, database queries may be performed during view rendering. Explicitly configure spring.jpa.open-in-view to disable this warning
2019-03-04 23:15:34.765  INFO kais-MacBook-Pro.local --- [           main] o.s.s.w.DefaultSecurityFilterChain       : Creating filter chain: any request, [org.springframework.security.web.context.request.async.WebAsyncManagerIntegrationFilter@4e10a320, org.springframework.security.web.context.SecurityContextPersistenceFilter@66863941, org.springframework.security.web.header.HeaderWriterFilter@4fafd27e, org.springframework.web.filter.CorsFilter@773f3360, org.springframework.security.web.authentication.logout.LogoutFilter@6ed691fd, org.springframework.security.oauth2.client.web.OAuth2AuthorizationRequestRedirectFilter@6d6f6ca9, org.springframework.security.oauth2.client.web.OAuth2LoginAuthenticationFilter@35f760a4, com.demo.springbootapis.security.JwtAuthenticationFilter@352c3d70, com.demo.springbootapis.security.JwtAuthorizationFilter@4c13ca07, org.springframework.security.web.savedrequest.RequestCacheAwareFilter@111fe921, org.springframework.security.web.servletapi.SecurityContextHolderAwareRequestFilter@218f2f51, org.springframework.security.web.authentication.AnonymousAuthenticationFilter@7d17906, org.springframework.security.web.session.SessionManagementFilter@d512c1, org.springframework.security.web.access.ExceptionTranslationFilter@5c41b8d8, org.springframework.security.web.access.intercept.FilterSecurityInterceptor@16f4a3c0]
2019-03-04 23:15:35.563  INFO kais-MacBook-Pro.local --- [           main] o.s.s.c.ThreadPoolTaskExecutor           : Initializing ExecutorService 'applicationTaskExecutor'
2019-03-04 23:15:36.155  INFO kais-MacBook-Pro.local --- [           main] o.a.c.h.Http11NioProtocol                : Starting ProtocolHandler ["http-nio-8080"]
2019-03-04 23:15:36.203  INFO kais-MacBook-Pro.local --- [           main] o.a.t.u.n.NioSelectorPool                : Using a shared selector for servlet write/read
2019-03-04 23:15:36.242  INFO kais-MacBook-Pro.local --- [           main] o.s.b.w.e.t.TomcatWebServer              : Tomcat started on port(s): 8080 (http) with context path ''
2019-03-04 23:15:36.300  INFO kais-MacBook-Pro.local --- [           main] c.d.s.SpringBootApisApplication          : Started SpringBootApisApplication in 9.841 seconds (JVM running for 10.94)
2019-03-04 23:17:05.043  INFO kais-MacBook-Pro.local --- [nio-8080-exec-2] o.a.c.c.C.[.[.[/]                        : Initializing Spring DispatcherServlet 'dispatcherServlet'
2019-03-04 23:17:05.044  INFO kais-MacBook-Pro.local --- [nio-8080-exec-2] o.s.w.s.DispatcherServlet                : Initializing Servlet 'dispatcherServlet'
2019-03-04 23:17:05.055  INFO kais-MacBook-Pro.local --- [nio-8080-exec-2] o.s.w.s.DispatcherServlet                : Completed initialization in 11 ms
2019-03-04 23:17:05.474  INFO kais-MacBook-Pro.local --- [nio-8080-exec-2] o.h.h.i.QueryTranslatorFactoryInitiator  : HHH000397: Using ASTQueryTranslatorFactory
2019-03-04 23:17:05.563  INFO kais-MacBook-Pro.local --- [nio-8080-exec-2] c.d.s.a.LogExecutionTimeAspect           : List com.demo.springbootapis.service.ProjectServiceImpl.getAllProjects() executed in 109ms
2019-03-04 23:17:05.563  INFO kais-MacBook-Pro.local --- [nio-8080-exec-2] c.d.s.a.LogExecutionTimeAspect           : List com.demo.springbootapis.controller.ProjectController.getAllProjects(UserPrincipal) executed in 113ms
